2025-05-24 04:42:16,237 - INFO - Data Processing initalized...
2025-05-24 04:42:16,238 - ERROR - Error while loading data [Errno 2] No such file or directory: 'artifacts/raw/data.csv'
2025-05-24 04:42:45,617 - INFO - Data Processing initalized...
2025-05-24 04:42:45,618 - ERROR - Error while loading data [Errno 2] No such file or directory: 'artifacts/raw/data.csv'
2025-05-24 04:44:47,756 - INFO - Data Processing initalized...
2025-05-24 04:44:47,757 - ERROR - Error while loading data [Errno 2] No such file or directory: 'artifacts/raw/data.csv'
2025-05-24 04:45:28,994 - INFO - Data Processing initalized...
2025-05-24 04:45:29,206 - INFO - Data loaded sucesfully...
2025-05-24 04:45:29,269 - INFO - All basic data preprocessing done..
2025-05-24 04:45:29,333 - INFO - All things saved sucesfully for Data processing..
2025-05-24 07:41:25,701 - INFO - Data Processing initalized...
2025-05-24 07:41:25,990 - INFO - Data loaded sucesfully...
2025-05-24 07:41:26,080 - INFO - All basic data preprocessing done..
2025-05-24 07:41:26,173 - INFO - All things saved sucesfully for Data processing..
2025-05-24 07:41:58,584 - INFO - Model Training initialized...
2025-05-24 07:41:58,592 - INFO - Data loaded sucesfuly...
2025-05-24 07:41:59,790 - INFO - Model trained and saved sucesfuly...
2025-05-24 07:41:59,820 - INFO - Accuracy : 0.91655
2025-05-24 07:41:59,820 - INFO - Precision Score : 0.914972438439482
2025-05-24 07:41:59,820 - INFO - Recall Score : 0.91655
2025-05-24 07:41:59,820 - INFO - F1 Score : 0.9156103493286444
2025-05-24 07:41:59,820 - INFO - Model Evaluation Done..
